<?xml version="1.0" encoding="UTF-8"?>
<testsuite xmlns:xsi="http://www.w3.org/2001/XMLSchema-instance" xsi:noNamespaceSchemaLocation="https://maven.apache.org/surefire/maven-surefire-plugin/xsd/surefire-test-report-3.0.xsd" version="3.0" name="com.examen.TestMain" time="0.078" tests="8" errors="0" skipped="0" failures="4">
  <properties>
    <property name="java.specification.version" value="21"/>
    <property name="sun.jnu.encoding" value="UTF-8"/>
    <property name="java.class.path" value="/home/super/Escritorio/examen./target/test-classes:/home/super/Escritorio/examen./target/classes:/home/super/.m2/repository/org/openjfx/javafx-controls/20/javafx-controls-20.jar:/home/super/.m2/repository/org/openjfx/javafx-controls/20/javafx-controls-20-linux.jar:/home/super/.m2/repository/org/openjfx/javafx-fxml/20/javafx-fxml-20.jar:/home/super/.m2/repository/org/openjfx/javafx-fxml/20/javafx-fxml-20-linux.jar:/home/super/.m2/repository/org/openjfx/javafx-base/20/javafx-base-20.jar:/home/super/.m2/repository/org/openjfx/javafx-base/20/javafx-base-20-linux.jar:/home/super/.m2/repository/org/openjfx/javafx-graphics/20/javafx-graphics-20.jar:/home/super/.m2/repository/org/openjfx/javafx-graphics/20/javafx-graphics-20-linux.jar:/home/super/.m2/repository/org/java-websocket/Java-WebSocket/1.5.3/Java-WebSocket-1.5.3.jar:/home/super/.m2/repository/org/json/json/20240303/json-20240303.jar:/home/super/.m2/repository/org/xerial/sqlite-jdbc/3.47.0.0/sqlite-jdbc-3.47.0.0.jar:/home/super/.m2/repository/org/slf4j/slf4j-api/2.0.3/slf4j-api-2.0.3.jar:/home/super/.m2/repository/org/slf4j/slf4j-simple/2.0.3/slf4j-simple-2.0.3.jar:/home/super/.m2/repository/org/jline/jline/3.21.0/jline-3.21.0.jar:/home/super/.m2/repository/org/junit/jupiter/junit-jupiter-api/5.10.2/junit-jupiter-api-5.10.2.jar:/home/super/.m2/repository/org/opentest4j/opentest4j/1.3.0/opentest4j-1.3.0.jar:/home/super/.m2/repository/org/junit/platform/junit-platform-commons/1.10.2/junit-platform-commons-1.10.2.jar:/home/super/.m2/repository/org/apiguardian/apiguardian-api/1.1.2/apiguardian-api-1.1.2.jar:/home/super/.m2/repository/org/junit/jupiter/junit-jupiter-engine/5.10.2/junit-jupiter-engine-5.10.2.jar:/home/super/.m2/repository/org/junit/platform/junit-platform-engine/1.10.2/junit-platform-engine-1.10.2.jar:/home/super/.m2/repository/com/github/stefanbirkner/system-lambda/1.2.1/system-lambda-1.2.1.jar:"/>
    <property name="java.vm.vendor" value="Ubuntu"/>
    <property name="sun.arch.data.model" value="64"/>
    <property name="java.vendor.url" value="https://ubuntu.com/"/>
    <property name="os.name" value="Linux"/>
    <property name="java.vm.specification.version" value="21"/>
    <property name="sun.java.launcher" value="SUN_STANDARD"/>
    <property name="user.country" value="ES"/>
    <property name="sun.boot.library.path" value="/usr/lib/jvm/java-21-openjdk-amd64/lib"/>
    <property name="sun.java.command" value="/home/super/Escritorio/examen./target/surefire/surefirebooter-20250313181252925_3.jar /home/super/Escritorio/examen./target/surefire 2025-03-13T18-12-52_862-jvmRun1 surefire-20250313181252925_1tmp surefire_0-20250313181252925_2tmp"/>
    <property name="jdk.debug" value="release"/>
    <property name="test" value="com.examen.TestMain"/>
    <property name="surefire.test.class.path" value="/home/super/Escritorio/examen./target/test-classes:/home/super/Escritorio/examen./target/classes:/home/super/.m2/repository/org/openjfx/javafx-controls/20/javafx-controls-20.jar:/home/super/.m2/repository/org/openjfx/javafx-controls/20/javafx-controls-20-linux.jar:/home/super/.m2/repository/org/openjfx/javafx-fxml/20/javafx-fxml-20.jar:/home/super/.m2/repository/org/openjfx/javafx-fxml/20/javafx-fxml-20-linux.jar:/home/super/.m2/repository/org/openjfx/javafx-base/20/javafx-base-20.jar:/home/super/.m2/repository/org/openjfx/javafx-base/20/javafx-base-20-linux.jar:/home/super/.m2/repository/org/openjfx/javafx-graphics/20/javafx-graphics-20.jar:/home/super/.m2/repository/org/openjfx/javafx-graphics/20/javafx-graphics-20-linux.jar:/home/super/.m2/repository/org/java-websocket/Java-WebSocket/1.5.3/Java-WebSocket-1.5.3.jar:/home/super/.m2/repository/org/json/json/20240303/json-20240303.jar:/home/super/.m2/repository/org/xerial/sqlite-jdbc/3.47.0.0/sqlite-jdbc-3.47.0.0.jar:/home/super/.m2/repository/org/slf4j/slf4j-api/2.0.3/slf4j-api-2.0.3.jar:/home/super/.m2/repository/org/slf4j/slf4j-simple/2.0.3/slf4j-simple-2.0.3.jar:/home/super/.m2/repository/org/jline/jline/3.21.0/jline-3.21.0.jar:/home/super/.m2/repository/org/junit/jupiter/junit-jupiter-api/5.10.2/junit-jupiter-api-5.10.2.jar:/home/super/.m2/repository/org/opentest4j/opentest4j/1.3.0/opentest4j-1.3.0.jar:/home/super/.m2/repository/org/junit/platform/junit-platform-commons/1.10.2/junit-platform-commons-1.10.2.jar:/home/super/.m2/repository/org/apiguardian/apiguardian-api/1.1.2/apiguardian-api-1.1.2.jar:/home/super/.m2/repository/org/junit/jupiter/junit-jupiter-engine/5.10.2/junit-jupiter-engine-5.10.2.jar:/home/super/.m2/repository/org/junit/platform/junit-platform-engine/1.10.2/junit-platform-engine-1.10.2.jar:/home/super/.m2/repository/com/github/stefanbirkner/system-lambda/1.2.1/system-lambda-1.2.1.jar:"/>
    <property name="sun.cpu.endian" value="little"/>
    <property name="user.home" value="/home/super"/>
    <property name="user.language" value="es"/>
    <property name="java.specification.vendor" value="Oracle Corporation"/>
    <property name="java.version.date" value="2024-10-15"/>
    <property name="java.home" value="/usr/lib/jvm/java-21-openjdk-amd64"/>
    <property name="file.separator" value="/"/>
    <property name="basedir" value="/home/super/Escritorio/examen."/>
    <property name="java.vm.compressedOopsMode" value="Zero based"/>
    <property name="line.separator" value="&#10;"/>
    <property name="java.specification.name" value="Java Platform API Specification"/>
    <property name="java.vm.specification.vendor" value="Oracle Corporation"/>
    <property name="surefire.real.class.path" value="/home/super/Escritorio/examen./target/surefire/surefirebooter-20250313181252925_3.jar"/>
    <property name="sun.management.compiler" value="HotSpot 64-Bit Tiered Compilers"/>
    <property name="java.runtime.version" value="21.0.5+11-Ubuntu-1ubuntu124.04"/>
    <property name="user.name" value="super"/>
    <property name="stdout.encoding" value="UTF-8"/>
    <property name="path.separator" value=":"/>
    <property name="os.version" value="6.8.0-52-generic"/>
    <property name="java.runtime.name" value="OpenJDK Runtime Environment"/>
    <property name="file.encoding" value="UTF-8"/>
    <property name="java.vm.name" value="OpenJDK 64-Bit Server VM"/>
    <property name="localRepository" value="/home/super/.m2/repository"/>
    <property name="java.vendor.url.bug" value="https://bugs.launchpad.net/ubuntu/+source/openjdk-21"/>
    <property name="java.io.tmpdir" value="/tmp"/>
    <property name="java.version" value="21.0.5"/>
    <property name="user.dir" value="/home/super/Escritorio/examen."/>
    <property name="os.arch" value="amd64"/>
    <property name="java.vm.specification.name" value="Java Virtual Machine Specification"/>
    <property name="native.encoding" value="UTF-8"/>
    <property name="java.library.path" value="/usr/java/packages/lib:/usr/lib/x86_64-linux-gnu/jni:/lib/x86_64-linux-gnu:/usr/lib/x86_64-linux-gnu:/usr/lib/jni:/lib:/usr/lib"/>
    <property name="java.vm.info" value="mixed mode, sharing"/>
    <property name="stderr.encoding" value="UTF-8"/>
    <property name="java.vendor" value="Ubuntu"/>
    <property name="java.vm.version" value="21.0.5+11-Ubuntu-1ubuntu124.04"/>
    <property name="sun.io.unicode.encoding" value="UnicodeLittle"/>
    <property name="java.class.version" value="65.0"/>
  </properties>
  <testcase name="testLoadAlumnes(TestInfo)" classname="com.examen.TestMain" time="0.022">
    <failure message="expected: &lt;3&gt; but was: &lt;12&gt;" type="org.opentest4j.AssertionFailedError"><![CDATA[org.opentest4j.AssertionFailedError: expected: <3> but was: <12>
	at org.junit.jupiter.api.AssertionFailureBuilder.build(AssertionFailureBuilder.java:151)
	at org.junit.jupiter.api.AssertionFailureBuilder.buildAndThrow(AssertionFailureBuilder.java:132)
	at org.junit.jupiter.api.AssertEquals.failNotEqual(AssertEquals.java:197)
	at org.junit.jupiter.api.AssertEquals.assertEquals(AssertEquals.java:150)
	at org.junit.jupiter.api.AssertEquals.assertEquals(AssertEquals.java:145)
	at org.junit.jupiter.api.Assertions.assertEquals(Assertions.java:531)
	at com.examen.TestMain.testLoadAlumnes(TestMain.java:88)
	at java.base/java.lang.reflect.Method.invoke(Method.java:580)
	at java.base/java.util.ArrayList.forEach(ArrayList.java:1596)
	at java.base/java.util.ArrayList.forEach(ArrayList.java:1596)
]]></failure>
  </testcase>
  <testcase name="testFormatRow(TestInfo)" classname="com.examen.TestMain" time="0.004">
    <system-out><![CDATA[Test passed, succeeded!
]]></system-out>
  </testcase>
  <testcase name="testIsValidValue(TestInfo)" classname="com.examen.TestMain" time="0.002">
    <system-out><![CDATA[Test passed, succeeded!
]]></system-out>
  </testcase>
  <testcase name="testGeneraMarcTaula(TestInfo)" classname="com.examen.TestMain" time="0.003">
    <system-out><![CDATA[Test passed, succeeded!
]]></system-out>
  </testcase>
  <testcase name="testValidarDNI(TestInfo)" classname="com.examen.TestMain" time="0.003">
    <failure message="El DNI 00000001R ha de ser vàlid ==&gt; expected: &lt;true&gt; but was: &lt;false&gt;" type="org.opentest4j.AssertionFailedError"><![CDATA[org.opentest4j.AssertionFailedError: El DNI 00000001R ha de ser vàlid ==> expected: <true> but was: <false>
	at org.junit.jupiter.api.AssertionFailureBuilder.build(AssertionFailureBuilder.java:151)
	at org.junit.jupiter.api.AssertionFailureBuilder.buildAndThrow(AssertionFailureBuilder.java:132)
	at org.junit.jupiter.api.AssertTrue.failNotTrue(AssertTrue.java:63)
	at org.junit.jupiter.api.AssertTrue.assertTrue(AssertTrue.java:36)
	at org.junit.jupiter.api.Assertions.assertTrue(Assertions.java:214)
	at com.examen.TestMain.testValidarDNI(TestMain.java:70)
	at java.base/java.lang.reflect.Method.invoke(Method.java:580)
	at java.base/java.util.ArrayList.forEach(ArrayList.java:1596)
	at java.base/java.util.ArrayList.forEach(ArrayList.java:1596)
]]></failure>
  </testcase>
  <testcase name="testTaulaAlumnes(TestInfo)" classname="com.examen.TestMain" time="0.012">
    <failure message="La taula generada no coincideix amb l&apos;esperada ==&gt; expected: &lt;┌───────────────┬─────┬──────────┬───────────────┐&#10;│Nom            │Edat │DNI       │Aficions       │&#10;├───────────────┼─────┼──────────┼───────────────┤&#10;│Alex           │17   │56865736A │Esqui, Futbol  │&#10;│Arnau          │19   │56442478H │Natacio, Basque│&#10;│Maria          │18   │12868093F │Futbol, Basquet│&#10;└───────────────┴─────┴──────────┴───────────────┘&gt; but was: &lt;┌───────────────┬─────┬──────────┬────────────────────┐&#10;│Nom            │Edat │DNI       │Aficions            │&#10;├───────────────┼─────┼──────────┼────────────────────┤&#10;│Alex           │17   │56865736A │[Esqui, Futbol]     │&#10;│Arnau          │19   │56442478H │[Natacio, Basquet]  │&#10;│Maria          │18   │12868093F │[Futbol, Basquet]   │&#10;└───────────────┴─────┴──────────┴────────────────────┘&gt;" type="org.opentest4j.AssertionFailedError"><![CDATA[org.opentest4j.AssertionFailedError: 
La taula generada no coincideix amb l'esperada ==> expected: <┌───────────────┬─────┬──────────┬───────────────┐
│Nom            │Edat │DNI       │Aficions       │
├───────────────┼─────┼──────────┼───────────────┤
│Alex           │17   │56865736A │Esqui, Futbol  │
│Arnau          │19   │56442478H │Natacio, Basque│
│Maria          │18   │12868093F │Futbol, Basquet│
└───────────────┴─────┴──────────┴───────────────┘> but was: <┌───────────────┬─────┬──────────┬────────────────────┐
│Nom            │Edat │DNI       │Aficions            │
├───────────────┼─────┼──────────┼────────────────────┤
│Alex           │17   │56865736A │[Esqui, Futbol]     │
│Arnau          │19   │56442478H │[Natacio, Basquet]  │
│Maria          │18   │12868093F │[Futbol, Basquet]   │
└───────────────┴─────┴──────────┴────────────────────┘>
	at org.junit.jupiter.api.AssertionFailureBuilder.build(AssertionFailureBuilder.java:151)
	at org.junit.jupiter.api.AssertionFailureBuilder.buildAndThrow(AssertionFailureBuilder.java:132)
	at org.junit.jupiter.api.AssertEquals.failNotEqual(AssertEquals.java:197)
	at org.junit.jupiter.api.AssertEquals.assertEquals(AssertEquals.java:182)
	at org.junit.jupiter.api.Assertions.assertEquals(Assertions.java:1156)
	at com.examen.TestMain.testTaulaAlumnes(TestMain.java:362)
	at java.base/java.lang.reflect.Method.invoke(Method.java:580)
	at java.base/java.util.ArrayList.forEach(ArrayList.java:1596)
	at java.base/java.util.ArrayList.forEach(ArrayList.java:1596)
]]></failure>
  </testcase>
  <testcase name="testOrdenaAlumnes(TestInfo)" classname="com.examen.TestMain" time="0.001">
    <system-out><![CDATA[Test passed, succeeded!
]]></system-out>
  </testcase>
  <testcase name="testGetAlumneValue(TestInfo)" classname="com.examen.TestMain" time="0.002">
    <failure message="Expected IllegalArgumentException for invalid key" type="org.opentest4j.AssertionFailedError"><![CDATA[org.opentest4j.AssertionFailedError: Expected IllegalArgumentException for invalid key
	at org.junit.jupiter.api.AssertionUtils.fail(AssertionUtils.java:38)
	at org.junit.jupiter.api.Assertions.fail(Assertions.java:138)
	at com.examen.TestMain.testGetAlumneValue(TestMain.java:180)
	at java.base/java.lang.reflect.Method.invoke(Method.java:580)
	at java.base/java.util.ArrayList.forEach(ArrayList.java:1596)
	at java.base/java.util.ArrayList.forEach(ArrayList.java:1596)
]]></failure>
  </testcase>
</testsuite>