<?xml version="1.0" encoding="UTF-8"?>
<testsuite xmlns:xsi="http://www.w3.org/2001/XMLSchema-instance" xsi:noNamespaceSchemaLocation="https://maven.apache.org/surefire/maven-surefire-plugin/xsd/surefire-test-report-3.0.xsd" version="3.0" name="com.examen.TestMain" time="0.078" tests="8" errors="0" skipped="0" failures="4">
  <properties>
[...]
</properties>
  <testcase name="testLoadAlumnes(TestInfo)" classname="com.examen.TestMain" time="0.022">
    <failure message="expected: &lt;3&gt; but was: &lt;12&gt;" type="org.opentest4j.AssertionFailedError"><![CDATA[org.opentest4j.AssertionFailedError: expected: <3> but was: <12>
	at org.junit.jupiter.api.AssertionFailureBuilder.build(AssertionFailureBuilder.java:151)
	at org.junit.jupiter.api.AssertionFailureBuilder.buildAndThrow(AssertionFailureBuilder.java:132)
	at org.junit.jupiter.api.AssertEquals.failNotEqual(AssertEquals.java:197)
	at org.junit.jupiter.api.AssertEquals.assertEquals(AssertEquals.java:150)
	at org.junit.jupiter.api.AssertEquals.assertEquals(AssertEquals.java:145)
	at org.junit.jupiter.api.Assertions.assertEquals(Assertions.java:531)
	at com.examen.TestMain.testLoadAlumnes(TestMain.java:88)
	at java.base/java.lang.reflect.Method.invoke(Method.java:580)
	at java.base/java.util.ArrayList.forEach(ArrayList.java:1596)
	at java.base/java.util.ArrayList.forEach(ArrayList.java:1596)
]]></failure>
  </testcase>
  <testcase name="testFormatRow(TestInfo)" classname="com.examen.TestMain" time="0.004">
    <system-out><![CDATA[Test passed, succeeded!
]]></system-out>
  </testcase>
  <testcase name="testIsValidValue(TestInfo)" classname="com.examen.TestMain" time="0.002">
    <system-out><![CDATA[Test passed, succeeded!
]]></system-out>
  </testcase>
  <testcase name="testGeneraMarcTaula(TestInfo)" classname="com.examen.TestMain" time="0.003">
    <system-out><![CDATA[Test passed, succeeded!
]]></system-out>
  </testcase>
  <testcase name="testValidarDNI(TestInfo)" classname="com.examen.TestMain" time="0.003">
    <failure message="El DNI 00000001R ha de ser vàlid ==&gt; expected: &lt;true&gt; but was: &lt;false&gt;" type="org.opentest4j.AssertionFailedError"><![CDATA[org.opentest4j.AssertionFailedError: El DNI 00000001R ha de ser vàlid ==> expected: <true> but was: <false>
	at org.junit.jupiter.api.AssertionFailureBuilder.build(AssertionFailureBuilder.java:151)
	at org.junit.jupiter.api.AssertionFailureBuilder.buildAndThrow(AssertionFailureBuilder.java:132)
	at org.junit.jupiter.api.AssertTrue.failNotTrue(AssertTrue.java:63)
	at org.junit.jupiter.api.AssertTrue.assertTrue(AssertTrue.java:36)
	at org.junit.jupiter.api.Assertions.assertTrue(Assertions.java:214)
	at com.examen.TestMain.testValidarDNI(TestMain.java:70)
	at java.base/java.lang.reflect.Method.invoke(Method.java:580)
	at java.base/java.util.ArrayList.forEach(ArrayList.java:1596)
	at java.base/java.util.ArrayList.forEach(ArrayList.java:1596)
]]></failure>
  </testcase>
  <testcase name="testTaulaAlumnes(TestInfo)" classname="com.examen.TestMain" time="0.012">
    <failure message="La taula generada no coincideix amb l&apos;esperada ==&gt; expected: &lt;┌───────────────┬─────┬──────────┬───────────────┐&#10;│Nom            │Edat │DNI       │Aficions       │&#10;├───────────────┼─────┼──────────┼───────────────┤&#10;│Alex           │17   │56865736A │Esqui, Futbol  │&#10;│Arnau          │19   │56442478H │Natacio, Basque│&#10;│Maria          │18   │12868093F │Futbol, Basquet│&#10;└───────────────┴─────┴──────────┴───────────────┘&gt; but was: &lt;┌───────────────┬─────┬──────────┬────────────────────┐&#10;│Nom            │Edat │DNI       │Aficions            │&#10;├───────────────┼─────┼──────────┼────────────────────┤&#10;│Alex           │17   │56865736A │[Esqui, Futbol]     │&#10;│Arnau          │19   │56442478H │[Natacio, Basquet]  │&#10;│Maria          │18   │12868093F │[Futbol, Basquet]   │&#10;└───────────────┴─────┴──────────┴────────────────────┘&gt;" type="org.opentest4j.AssertionFailedError"><![CDATA[org.opentest4j.AssertionFailedError: 
La taula generada no coincideix amb l'esperada ==> expected: <┌───────────────┬─────┬──────────┬───────────────┐
│Nom            │Edat │DNI       │Aficions       │
├───────────────┼─────┼──────────┼───────────────┤
│Alex           │17   │56865736A │Esqui, Futbol  │
│Arnau          │19   │56442478H │Natacio, Basque│
│Maria          │18   │12868093F │Futbol, Basquet│
└───────────────┴─────┴──────────┴───────────────┘> but was: <┌───────────────┬─────┬──────────┬────────────────────┐
│Nom            │Edat │DNI       │Aficions            │
├───────────────┼─────┼──────────┼────────────────────┤
│Alex           │17   │56865736A │[Esqui, Futbol]     │
│Arnau          │19   │56442478H │[Natacio, Basquet]  │
│Maria          │18   │12868093F │[Futbol, Basquet]   │
└───────────────┴─────┴──────────┴────────────────────┘>
	at org.junit.jupiter.api.AssertionFailureBuilder.build(AssertionFailureBuilder.java:151)
	at org.junit.jupiter.api.AssertionFailureBuilder.buildAndThrow(AssertionFailureBuilder.java:132)
	at org.junit.jupiter.api.AssertEquals.failNotEqual(AssertEquals.java:197)
	at org.junit.jupiter.api.AssertEquals.assertEquals(AssertEquals.java:182)
	at org.junit.jupiter.api.Assertions.assertEquals(Assertions.java:1156)
	at com.examen.TestMain.testTaulaAlumnes(TestMain.java:362)
	at java.base/java.lang.reflect.Method.invoke(Method.java:580)
	at java.base/java.util.ArrayList.forEach(ArrayList.java:1596)
	at java.base/java.util.ArrayList.forEach(ArrayList.java:1596)
]]></failure>
  </testcase>
  <testcase name="testOrdenaAlumnes(TestInfo)" classname="com.examen.TestMain" time="0.001">
    <system-out><![CDATA[Test passed, succeeded!
]]></system-out>
  </testcase>
  <testcase name="testGetAlumneValue(TestInfo)" classname="com.examen.TestMain" time="0.002">
    <failure message="Expected IllegalArgumentException for invalid key" type="org.opentest4j.AssertionFailedError"><![CDATA[org.opentest4j.AssertionFailedError: Expected IllegalArgumentException for invalid key
	at org.junit.jupiter.api.AssertionUtils.fail(AssertionUtils.java:38)
	at org.junit.jupiter.api.Assertions.fail(Assertions.java:138)
	at com.examen.TestMain.testGetAlumneValue(TestMain.java:180)
	at java.base/java.lang.reflect.Method.invoke(Method.java:580)
	at java.base/java.util.ArrayList.forEach(ArrayList.java:1596)
	at java.base/java.util.ArrayList.forEach(ArrayList.java:1596)
]]></failure>
  </testcase>
</testsuite>